nohup: ignoring input

  .   ____          _            __ _ _
 /\\ / ___'_ __ _ _(_)_ __  __ _ \ \ \ \
( ( )\___ | '_ | '_| | '_ \/ _` | \ \ \ \
 \\/  ___)| |_)| | | | | || (_| |  ) ) ) )
  '  |____| .__|_| |_|_| |_\__, | / / / /
 =========|_|==============|___/=/_/_/_/

 :: Spring Boot ::                (v4.0.3)

2026-03-24T23:21:45.857+05:30  INFO 19991 --- [auth-service] [           main] c.freelance.auth.AuthServiceApplication  : Starting AuthServiceApplication v0.0.1-SNAPSHOT using Java 21.0.7 with PID 19991 (/home/user/temp/MINI_2/GigFlow/backend/auth-service/target/demo-0.0.1-SNAPSHOT.jar started by user in /home/user/temp/MINI_2/GigFlow/backend)
2026-03-24T23:21:45.880+05:30  INFO 19991 --- [auth-service] [           main] c.freelance.auth.AuthServiceApplication  : The following 1 profile is active: "dev"
2026-03-24T23:21:50.373+05:30  INFO 19991 --- [auth-service] [           main] .s.d.r.c.RepositoryConfigurationDelegate : Bootstrapping Spring Data JPA repositories in DEFAULT mode.
2026-03-24T23:21:50.578+05:30  INFO 19991 --- [auth-service] [           main] .s.d.r.c.RepositoryConfigurationDelegate : Finished Spring Data repository scanning in 171 ms. Found 1 JPA repository interface.
2026-03-24T23:21:52.785+05:30  INFO 19991 --- [auth-service] [           main] o.s.boot.tomcat.TomcatWebServer          : Tomcat initialized with port 8081 (http)
2026-03-24T23:21:52.869+05:30  INFO 19991 --- [auth-service] [           main] o.apache.catalina.core.StandardService   : Starting service [Tomcat]
2026-03-24T23:21:52.870+05:30  INFO 19991 --- [auth-service] [           main] o.apache.catalina.core.StandardEngine    : Starting Servlet engine: [Apache Tomcat/11.0.18]
2026-03-24T23:21:52.998+05:30  INFO 19991 --- [auth-service] [           main] b.w.c.s.WebApplicationContextInitializer : Root WebApplicationContext: initialization completed in 6621 ms
2026-03-24T23:21:53.589+05:30  INFO 19991 --- [auth-service] [           main] org.hibernate.orm.jpa                    : HHH008540: Processing PersistenceUnitInfo [name: default]
2026-03-24T23:21:53.904+05:30  INFO 19991 --- [auth-service] [           main] org.hibernate.orm.core                   : HHH000001: Hibernate ORM core version 7.2.4.Final
2026-03-24T23:21:55.901+05:30  INFO 19991 --- [auth-service] [           main] o.s.o.j.p.SpringPersistenceUnitInfo      : No LoadTimeWeaver setup: ignoring JPA class transformer
2026-03-24T23:21:56.033+05:30  INFO 19991 --- [auth-service] [           main] com.zaxxer.hikari.HikariDataSource       : HikariPool-1 - Starting...
2026-03-24T23:21:56.913+05:30  INFO 19991 --- [auth-service] [           main] com.zaxxer.hikari.pool.HikariPool        : HikariPool-1 - Added connection com.mysql.cj.jdbc.ConnectionImpl@4c13ca07
2026-03-24T23:21:56.916+05:30  INFO 19991 --- [auth-service] [           main] com.zaxxer.hikari.HikariDataSource       : HikariPool-1 - Start completed.
2026-03-24T23:21:57.148+05:30  INFO 19991 --- [auth-service] [           main] org.hibernate.orm.connections.pooling    : HHH10001005: Database info:
	Database JDBC URL [jdbc:mysql://localhost:3306/freelance_auth?createDatabaseIfNotExist=true&useSSL=false&allowPublicKeyRetrieval=true]
	Database driver: MySQL Connector/J
	Database dialect: MySQLDialect
	Database version: 8.0.42
	Default catalog/schema: freelance_auth/undefined
	Autocommit mode: undefined/unknown
	Isolation level: REPEATABLE_READ [default REPEATABLE_READ]
	JDBC fetch size: none
	Pool: DataSourceConnectionProvider
	Minimum pool size: undefined/unknown
	Maximum pool size: undefined/unknown
2026-03-24T23:21:59.625+05:30  INFO 19991 --- [auth-service] [           main] org.hibernate.orm.core                   : HHH000489: No JTA platform available (set 'hibernate.transaction.jta.platform' to enable JTA platform integration)
2026-03-24T23:21:59.759+05:30  INFO 19991 --- [auth-service] [           main] j.LocalContainerEntityManagerFactoryBean : Initialized JPA EntityManagerFactory for persistence unit 'default'
2026-03-24T23:21:59.978+05:30  INFO 19991 --- [auth-service] [           main] o.s.d.j.r.query.QueryEnhancerFactories   : Hibernate is in classpath; If applicable, HQL parser will be used.
2026-03-24T23:22:00.823+05:30  INFO 19991 --- [auth-service] [           main] eAuthenticationProviderManagerConfigurer : Global AuthenticationManager configured with AuthenticationProvider bean with name authenticationProvider
2026-03-24T23:22:00.827+05:30  WARN 19991 --- [auth-service] [           main] r$InitializeUserDetailsManagerConfigurer : Global AuthenticationManager configured with an AuthenticationProvider bean. UserDetailsService beans will not be used by Spring Security for automatically configuring username/password login. Consider removing the AuthenticationProvider bean. Alternatively, consider using the UserDetailsService in a manually instantiated DaoAuthenticationProvider. If the current configuration is intentional, to turn off this warning, increase the logging level of 'org.springframework.security.config.annotation.authentication.configuration.InitializeUserDetailsBeanManagerConfigurer' to ERROR
2026-03-24T23:22:00.975+05:30  WARN 19991 --- [auth-service] [           main] JpaBaseConfiguration$JpaWebConfiguration : spring.jpa.open-in-view is enabled by default. Therefore, database queries may be performed during view rendering. Explicitly configure spring.jpa.open-in-view to disable this warning
2026-03-24T23:22:02.592+05:30  INFO 19991 --- [auth-service] [           main] o.s.boot.tomcat.TomcatWebServer          : Tomcat started on port 8081 (http) with context path '/'
2026-03-24T23:22:02.609+05:30  INFO 19991 --- [auth-service] [           main] c.freelance.auth.AuthServiceApplication  : Started AuthServiceApplication in 18.649 seconds (process running for 20.885)
2026-03-24T23:22:53.839+05:30  INFO 19991 --- [auth-service] [nio-8081-exec-1] o.a.c.c.C.[Tomcat].[localhost].[/]       : Initializing Spring DispatcherServlet 'dispatcherServlet'
2026-03-24T23:22:53.842+05:30  INFO 19991 --- [auth-service] [nio-8081-exec-1] o.s.web.servlet.DispatcherServlet        : Initializing Servlet 'dispatcherServlet'
2026-03-24T23:22:53.862+05:30  INFO 19991 --- [auth-service] [nio-8081-exec-1] o.s.web.servlet.DispatcherServlet        : Completed initialization in 18 ms
Hibernate: select u1_0.id,u1_0.assigned_gigs,u1_0.bank_details,u1_0.completed_gigs,u1_0.created_at,u1_0.email,u1_0.gigs_posted,u1_0.name,u1_0.organisation,u1_0.password,u1_0.phone,u1_0.rating,u1_0.role,u1_0.skills from users u1_0 where u1_0.email=?
Hibernate: select u1_0.id,u1_0.assigned_gigs,u1_0.bank_details,u1_0.completed_gigs,u1_0.created_at,u1_0.email,u1_0.gigs_posted,u1_0.name,u1_0.organisation,u1_0.password,u1_0.phone,u1_0.rating,u1_0.role,u1_0.skills from users u1_0 where u1_0.email=?
Hibernate: insert into users (assigned_gigs,bank_details,completed_gigs,created_at,email,gigs_posted,name,organisation,password,phone,rating,role,skills) values (?,?,?,?,?,?,?,?,?,?,?,?,?)
Hibernate: select u1_0.id,u1_0.assigned_gigs,u1_0.bank_details,u1_0.completed_gigs,u1_0.created_at,u1_0.email,u1_0.gigs_posted,u1_0.name,u1_0.organisation,u1_0.password,u1_0.phone,u1_0.rating,u1_0.role,u1_0.skills from users u1_0 where u1_0.email=?
Hibernate: select u1_0.id,u1_0.assigned_gigs,u1_0.bank_details,u1_0.completed_gigs,u1_0.created_at,u1_0.email,u1_0.gigs_posted,u1_0.name,u1_0.organisation,u1_0.password,u1_0.phone,u1_0.rating,u1_0.role,u1_0.skills from users u1_0 where u1_0.email=?
Hibernate: select u1_0.id,u1_0.assigned_gigs,u1_0.bank_details,u1_0.completed_gigs,u1_0.created_at,u1_0.email,u1_0.gigs_posted,u1_0.name,u1_0.organisation,u1_0.password,u1_0.phone,u1_0.rating,u1_0.role,u1_0.skills from users u1_0 where u1_0.email=?
Hibernate: select u1_0.id,u1_0.assigned_gigs,u1_0.bank_details,u1_0.completed_gigs,u1_0.created_at,u1_0.email,u1_0.gigs_posted,u1_0.name,u1_0.organisation,u1_0.password,u1_0.phone,u1_0.rating,u1_0.role,u1_0.skills from users u1_0 where u1_0.email=?
Hibernate: select u1_0.id,u1_0.assigned_gigs,u1_0.bank_details,u1_0.completed_gigs,u1_0.created_at,u1_0.email,u1_0.gigs_posted,u1_0.name,u1_0.organisation,u1_0.password,u1_0.phone,u1_0.rating,u1_0.role,u1_0.skills from users u1_0 where u1_0.email=?
Hibernate: select u1_0.id,u1_0.assigned_gigs,u1_0.bank_details,u1_0.completed_gigs,u1_0.created_at,u1_0.email,u1_0.gigs_posted,u1_0.name,u1_0.organisation,u1_0.password,u1_0.phone,u1_0.rating,u1_0.role,u1_0.skills from users u1_0 where u1_0.email=?
Hibernate: select u1_0.id,u1_0.assigned_gigs,u1_0.bank_details,u1_0.completed_gigs,u1_0.created_at,u1_0.email,u1_0.gigs_posted,u1_0.name,u1_0.organisation,u1_0.password,u1_0.phone,u1_0.rating,u1_0.role,u1_0.skills from users u1_0 where u1_0.email=?
Hibernate: select u1_0.id,u1_0.assigned_gigs,u1_0.bank_details,u1_0.completed_gigs,u1_0.created_at,u1_0.email,u1_0.gigs_posted,u1_0.name,u1_0.organisation,u1_0.password,u1_0.phone,u1_0.rating,u1_0.role,u1_0.skills from users u1_0 where u1_0.email=?
Hibernate: insert into users (assigned_gigs,bank_details,completed_gigs,created_at,email,gigs_posted,name,organisation,password,phone,rating,role,skills) values (?,?,?,?,?,?,?,?,?,?,?,?,?)
Hibernate: select u1_0.id,u1_0.assigned_gigs,u1_0.bank_details,u1_0.completed_gigs,u1_0.created_at,u1_0.email,u1_0.gigs_posted,u1_0.name,u1_0.organisation,u1_0.password,u1_0.phone,u1_0.rating,u1_0.role,u1_0.skills from users u1_0 where u1_0.email=?
2026-03-24T23:28:58.840+05:30 ERROR 19991 --- [auth-service] [nio-8081-exec-5] o.a.c.c.C.[.[.[/].[dispatcherServlet]    : Servlet.service() for servlet [dispatcherServlet] in context with path [] threw exception [Request processing failed: java.lang.RuntimeException: Email already exists] with root cause

java.lang.RuntimeException: Email already exists
	at com.freelance.auth.service.AuthService.signup(AuthService.java:32) ~[!/:0.0.1-SNAPSHOT]
	at com.freelance.auth.controller.AuthController.signup(AuthController.java:24) ~[!/:0.0.1-SNAPSHOT]
	at java.base/jdk.internal.reflect.DirectMethodHandleAccessor.invoke(DirectMethodHandleAccessor.java:103) ~[na:na]
	at java.base/java.lang.reflect.Method.invoke(Method.java:580) ~[na:na]
	at org.springframework.web.method.support.InvocableHandlerMethod.doInvoke(InvocableHandlerMethod.java:252) ~[spring-web-7.0.5.jar!/:7.0.5]
	at org.springframework.web.method.support.InvocableHandlerMethod.invokeForRequest(InvocableHandlerMethod.java:184) ~[spring-web-7.0.5.jar!/:7.0.5]
	at org.springframework.web.servlet.mvc.method.annotation.ServletInvocableHandlerMethod.invokeAndHandle(ServletInvocableHandlerMethod.java:117) ~[spring-webmvc-7.0.5.jar!/:7.0.5]
	at org.springframework.web.servlet.mvc.method.annotation.RequestMappingHandlerAdapter.invokeHandlerMethod(RequestMappingHandlerAdapter.java:934) ~[spring-webmvc-7.0.5.jar!/:7.0.5]
	at org.springframework.web.servlet.mvc.method.annotation.RequestMappingHandlerAdapter.handleInternal(RequestMappingHandlerAdapter.java:853) ~[spring-webmvc-7.0.5.jar!/:7.0.5]
	at org.springframework.web.servlet.mvc.method.AbstractHandlerMethodAdapter.handle(AbstractHandlerMethodAdapter.java:86) ~[spring-webmvc-7.0.5.jar!/:7.0.5]
	at org.springframework.web.servlet.DispatcherServlet.doDispatch(DispatcherServlet.java:963) ~[spring-webmvc-7.0.5.jar!/:7.0.5]
	at org.springframework.web.servlet.DispatcherServlet.doService(DispatcherServlet.java:866) ~[spring-webmvc-7.0.5.jar!/:7.0.5]
	at org.springframework.web.servlet.FrameworkServlet.processRequest(FrameworkServlet.java:1000) ~[spring-webmvc-7.0.5.jar!/:7.0.5]
	at org.springframework.web.servlet.FrameworkServlet.doPost(FrameworkServlet.java:903) ~[spring-webmvc-7.0.5.jar!/:7.0.5]
	at jakarta.servlet.http.HttpServlet.service(HttpServlet.java:649) ~[tomcat-embed-core-11.0.18.jar!/:na]
	at org.springframework.web.servlet.FrameworkServlet.service(FrameworkServlet.java:874) ~[spring-webmvc-7.0.5.jar!/:7.0.5]
	at jakarta.servlet.http.HttpServlet.service(HttpServlet.java:710) ~[tomcat-embed-core-11.0.18.jar!/:na]
	at org.apache.catalina.core.ApplicationFilterChain.doFilter(ApplicationFilterChain.java:128) ~[tomcat-embed-core-11.0.18.jar!/:na]
	at org.apache.tomcat.websocket.server.WsFilter.doFilter(WsFilter.java:53) ~[tomcat-embed-websocket-11.0.18.jar!/:na]
	at org.apache.catalina.core.ApplicationFilterChain.doFilter(ApplicationFilterChain.java:107) ~[tomcat-embed-core-11.0.18.jar!/:na]
	at org.springframework.web.filter.OncePerRequestFilter.doFilter(OncePerRequestFilter.java:110) ~[spring-web-7.0.5.jar!/:7.0.5]
	at org.apache.catalina.core.ApplicationFilterChain.doFilter(ApplicationFilterChain.java:107) ~[tomcat-embed-core-11.0.18.jar!/:na]
	at org.springframework.web.filter.CompositeFilter$VirtualFilterChain.doFilter(CompositeFilter.java:108) ~[spring-web-7.0.5.jar!/:7.0.5]
	at org.springframework.security.web.FilterChainProxy.lambda$doFilterInternal$3(FilterChainProxy.java:235) ~[spring-security-web-7.0.3.jar!/:7.0.3]
	at org.springframework.security.web.FilterChainProxy$VirtualFilterChain.doFilter(FilterChainProxy.java:371) ~[spring-security-web-7.0.3.jar!/:7.0.3]
	at org.springframework.security.web.access.intercept.AuthorizationFilter.doFilter(AuthorizationFilter.java:101) ~[spring-security-web-7.0.3.jar!/:7.0.3]
	at org.springframework.security.web.FilterChainProxy$VirtualFilterChain.doFilter(FilterChainProxy.java:380) ~[spring-security-web-7.0.3.jar!/:7.0.3]
	at org.springframework.security.web.access.ExceptionTranslationFilter.doFilter(ExceptionTranslationFilter.java:126) ~[spring-security-web-7.0.3.jar!/:7.0.3]
	at org.springframework.security.web.access.ExceptionTranslationFilter.doFilter(ExceptionTranslationFilter.java:120) ~[spring-security-web-7.0.3.jar!/:7.0.3]
	at org.springframework.security.web.FilterChainProxy$VirtualFilterChain.doFilter(FilterChainProxy.java:380) ~[spring-security-web-7.0.3.jar!/:7.0.3]
	at org.springframework.security.web.session.SessionManagementFilter.doFilter(SessionManagementFilter.java:132) ~[spring-security-web-7.0.3.jar!/:7.0.3]
	at org.springframework.security.web.session.SessionManagementFilter.doFilter(SessionManagementFilter.java:86) ~[spring-security-web-7.0.3.jar!/:7.0.3]
	at org.springframework.security.web.FilterChainProxy$VirtualFilterChain.doFilter(FilterChainProxy.java:380) ~[spring-security-web-7.0.3.jar!/:7.0.3]
	at org.springframework.security.web.authentication.AnonymousAuthenticationFilter.doFilter(AnonymousAuthenticationFilter.java:100) ~[spring-security-web-7.0.3.jar!/:7.0.3]
	at org.springframework.security.web.FilterChainProxy$VirtualFilterChain.doFilter(FilterChainProxy.java:380) ~[spring-security-web-7.0.3.jar!/:7.0.3]
	at org.springframework.security.web.servletapi.SecurityContextHolderAwareRequestFilter.doFilter(SecurityContextHolderAwareRequestFilter.java:181) ~[spring-security-web-7.0.3.jar!/:7.0.3]
	at org.springframework.security.web.FilterChainProxy$VirtualFilterChain.doFilter(FilterChainProxy.java:380) ~[spring-security-web-7.0.3.jar!/:7.0.3]
	at org.springframework.security.web.savedrequest.RequestCacheAwareFilter.doFilter(RequestCacheAwareFilter.java:63) ~[spring-security-web-7.0.3.jar!/:7.0.3]
	at org.springframework.security.web.FilterChainProxy$VirtualFilterChain.doFilter(FilterChainProxy.java:380) ~[spring-security-web-7.0.3.jar!/:7.0.3]
	at com.freelance.auth.security.JwtAuthenticationFilter.doFilterInternal(JwtAuthenticationFilter.java:35) ~[!/:0.0.1-SNAPSHOT]
	at org.springframework.web.filter.OncePerRequestFilter.doFilter(OncePerRequestFilter.java:116) ~[spring-web-7.0.5.jar!/:7.0.5]
	at org.springframework.security.web.FilterChainProxy$VirtualFilterChain.doFilter(FilterChainProxy.java:380) ~[spring-security-web-7.0.3.jar!/:7.0.3]
	at org.springframework.security.web.authentication.logout.LogoutFilter.doFilter(LogoutFilter.java:110) ~[spring-security-web-7.0.3.jar!/:7.0.3]
	at org.springframework.security.web.authentication.logout.LogoutFilter.doFilter(LogoutFilter.java:96) ~[spring-security-web-7.0.3.jar!/:7.0.3]
	at org.springframework.security.web.FilterChainProxy$VirtualFilterChain.doFilter(FilterChainProxy.java:380) ~[spring-security-web-7.0.3.jar!/:7.0.3]
	at org.springframework.security.web.header.HeaderWriterFilter.doHeadersAfter(HeaderWriterFilter.java:90) ~[spring-security-web-7.0.3.jar!/:7.0.3]
	at org.springframework.security.web.header.HeaderWriterFilter.doFilterInternal(HeaderWriterFilter.java:75) ~[spring-security-web-7.0.3.jar!/:7.0.3]
	at org.springframework.web.filter.OncePerRequestFilter.doFilter(OncePerRequestFilter.java:116) ~[spring-web-7.0.5.jar!/:7.0.5]
	at org.springframework.security.web.FilterChainProxy$VirtualFilterChain.doFilter(FilterChainProxy.java:380) ~[spring-security-web-7.0.3.jar!/:7.0.3]
	at org.springframework.security.web.context.SecurityContextHolderFilter.doFilter(SecurityContextHolderFilter.java:82) ~[spring-security-web-7.0.3.jar!/:7.0.3]
	at org.springframework.security.web.context.SecurityContextHolderFilter.doFilter(SecurityContextHolderFilter.java:69) ~[spring-security-web-7.0.3.jar!/:7.0.3]
	at org.springframework.security.web.FilterChainProxy$VirtualFilterChain.doFilter(FilterChainProxy.java:380) ~[spring-security-web-7.0.3.jar!/:7.0.3]
	at org.springframework.security.web.context.request.async.WebAsyncManagerIntegrationFilter.doFilterInternal(WebAsyncManagerIntegrationFilter.java:62) ~[spring-security-web-7.0.3.jar!/:7.0.3]
	at org.springframework.web.filter.OncePerRequestFilter.doFilter(OncePerRequestFilter.java:116) ~[spring-web-7.0.5.jar!/:7.0.5]
	at org.springframework.security.web.FilterChainProxy$VirtualFilterChain.doFilter(FilterChainProxy.java:380) ~[spring-security-web-7.0.3.jar!/:7.0.3]
	at org.springframework.security.web.session.DisableEncodeUrlFilter.doFilterInternal(DisableEncodeUrlFilter.java:42) ~[spring-security-web-7.0.3.jar!/:7.0.3]
	at org.springframework.web.filter.OncePerRequestFilter.doFilter(OncePerRequestFilter.java:116) ~[spring-web-7.0.5.jar!/:7.0.5]
	at org.springframework.security.web.FilterChainProxy$VirtualFilterChain.doFilter(FilterChainProxy.java:380) ~[spring-security-web-7.0.3.jar!/:7.0.3]
	at org.springframework.security.web.FilterChainProxy.doFilterInternal(FilterChainProxy.java:237) ~[spring-security-web-7.0.3.jar!/:7.0.3]
	at org.springframework.security.web.FilterChainProxy.doFilter(FilterChainProxy.java:195) ~[spring-security-web-7.0.3.jar!/:7.0.3]
	at org.springframework.web.filter.CompositeFilter$VirtualFilterChain.doFilter(CompositeFilter.java:113) ~[spring-web-7.0.5.jar!/:7.0.5]
	at org.springframework.web.filter.ServletRequestPathFilter.doFilter(ServletRequestPathFilter.java:52) ~[spring-web-7.0.5.jar!/:7.0.5]
	at org.springframework.web.filter.CompositeFilter$VirtualFilterChain.doFilter(CompositeFilter.java:113) ~[spring-web-7.0.5.jar!/:7.0.5]
	at org.springframework.web.filter.CompositeFilter.doFilter(CompositeFilter.java:74) ~[spring-web-7.0.5.jar!/:7.0.5]
	at org.springframework.security.config.annotation.web.configuration.WebSecurityConfiguration$CompositeFilterChainProxy.doFilter(WebSecurityConfiguration.java:317) ~[spring-security-config-7.0.3.jar!/:7.0.3]
	at org.springframework.web.filter.DelegatingFilterProxy.invokeDelegate(DelegatingFilterProxy.java:355) ~[spring-web-7.0.5.jar!/:7.0.5]
	at org.springframework.web.filter.DelegatingFilterProxy.doFilter(DelegatingFilterProxy.java:272) ~[spring-web-7.0.5.jar!/:7.0.5]
	at org.apache.catalina.core.ApplicationFilterChain.doFilter(ApplicationFilterChain.java:107) ~[tomcat-embed-core-11.0.18.jar!/:na]
	at org.springframework.web.filter.RequestContextFilter.doFilterInternal(RequestContextFilter.java:100) ~[spring-web-7.0.5.jar!/:7.0.5]
	at org.springframework.web.filter.OncePerRequestFilter.doFilter(OncePerRequestFilter.java:116) ~[spring-web-7.0.5.jar!/:7.0.5]
	at org.apache.catalina.core.ApplicationFilterChain.doFilter(ApplicationFilterChain.java:107) ~[tomcat-embed-core-11.0.18.jar!/:na]
	at org.springframework.web.filter.FormContentFilter.doFilterInternal(FormContentFilter.java:93) ~[spring-web-7.0.5.jar!/:7.0.5]
	at org.springframework.web.filter.OncePerRequestFilter.doFilter(OncePerRequestFilter.java:116) ~[spring-web-7.0.5.jar!/:7.0.5]
	at org.apache.catalina.core.ApplicationFilterChain.doFilter(ApplicationFilterChain.java:107) ~[tomcat-embed-core-11.0.18.jar!/:na]
	at org.springframework.web.filter.CharacterEncodingFilter.doFilterInternal(CharacterEncodingFilter.java:199) ~[spring-web-7.0.5.jar!/:7.0.5]
	at org.springframework.web.filter.OncePerRequestFilter.doFilter(OncePerRequestFilter.java:116) ~[spring-web-7.0.5.jar!/:7.0.5]
	at org.apache.catalina.core.ApplicationFilterChain.doFilter(ApplicationFilterChain.java:107) ~[tomcat-embed-core-11.0.18.jar!/:na]
	at org.apache.catalina.core.StandardWrapperValve.invoke(StandardWrapperValve.java:165) ~[tomcat-embed-core-11.0.18.jar!/:na]
	at org.apache.catalina.core.StandardContextValve.invoke(StandardContextValve.java:77) ~[tomcat-embed-core-11.0.18.jar!/:na]
	at org.apache.catalina.authenticator.AuthenticatorBase.invoke(AuthenticatorBase.java:492) ~[tomcat-embed-core-11.0.18.jar!/:na]
	at org.apache.catalina.core.StandardHostValve.invoke(StandardHostValve.java:113) ~[tomcat-embed-core-11.0.18.jar!/:na]
	at org.apache.catalina.valves.ErrorReportValve.invoke(ErrorReportValve.java:83) ~[tomcat-embed-core-11.0.18.jar!/:na]
	at org.apache.catalina.core.StandardEngineValve.invoke(StandardEngineValve.java:72) ~[tomcat-embed-core-11.0.18.jar!/:na]
	at org.apache.catalina.connector.CoyoteAdapter.service(CoyoteAdapter.java:341) ~[tomcat-embed-core-11.0.18.jar!/:na]
	at org.apache.coyote.http11.Http11Processor.service(Http11Processor.java:397) ~[tomcat-embed-core-11.0.18.jar!/:na]
	at org.apache.coyote.AbstractProcessorLight.process(AbstractProcessorLight.java:63) ~[tomcat-embed-core-11.0.18.jar!/:na]
	at org.apache.coyote.AbstractProtocol$ConnectionHandler.process(AbstractProtocol.java:903) ~[tomcat-embed-core-11.0.18.jar!/:na]
	at org.apache.tomcat.util.net.NioEndpoint$SocketProcessor.doRun(NioEndpoint.java:1779) ~[tomcat-embed-core-11.0.18.jar!/:na]
	at org.apache.tomcat.util.net.SocketProcessorBase.run(SocketProcessorBase.java:52) ~[tomcat-embed-core-11.0.18.jar!/:na]
	at org.apache.tomcat.util.threads.ThreadPoolExecutor.runWorker(ThreadPoolExecutor.java:946) ~[tomcat-embed-core-11.0.18.jar!/:na]
	at org.apache.tomcat.util.threads.ThreadPoolExecutor$Worker.run(ThreadPoolExecutor.java:480) ~[tomcat-embed-core-11.0.18.jar!/:na]
	at org.apache.tomcat.util.threads.TaskThread$WrappingRunnable.run(TaskThread.java:57) ~[tomcat-embed-core-11.0.18.jar!/:na]
	at java.base/java.lang.Thread.run(Thread.java:1583) ~[na:na]

Hibernate: select u1_0.id,u1_0.assigned_gigs,u1_0.bank_details,u1_0.completed_gigs,u1_0.created_at,u1_0.email,u1_0.gigs_posted,u1_0.name,u1_0.organisation,u1_0.password,u1_0.phone,u1_0.rating,u1_0.role,u1_0.skills from users u1_0 where u1_0.email=?
Hibernate: insert into users (assigned_gigs,bank_details,completed_gigs,created_at,email,gigs_posted,name,organisation,password,phone,rating,role,skills) values (?,?,?,?,?,?,?,?,?,?,?,?,?)
Hibernate: select u1_0.id,u1_0.assigned_gigs,u1_0.bank_details,u1_0.completed_gigs,u1_0.created_at,u1_0.email,u1_0.gigs_posted,u1_0.name,u1_0.organisation,u1_0.password,u1_0.phone,u1_0.rating,u1_0.role,u1_0.skills from users u1_0 where u1_0.email=?
Hibernate: insert into users (assigned_gigs,bank_details,completed_gigs,created_at,email,gigs_posted,name,organisation,password,phone,rating,role,skills) values (?,?,?,?,?,?,?,?,?,?,?,?,?)
Hibernate: select u1_0.id,u1_0.assigned_gigs,u1_0.bank_details,u1_0.completed_gigs,u1_0.created_at,u1_0.email,u1_0.gigs_posted,u1_0.name,u1_0.organisation,u1_0.password,u1_0.phone,u1_0.rating,u1_0.role,u1_0.skills from users u1_0 where u1_0.email=?
Hibernate: select u1_0.id,u1_0.assigned_gigs,u1_0.bank_details,u1_0.completed_gigs,u1_0.created_at,u1_0.email,u1_0.gigs_posted,u1_0.name,u1_0.organisation,u1_0.password,u1_0.phone,u1_0.rating,u1_0.role,u1_0.skills from users u1_0 where u1_0.email=?
Hibernate: select u1_0.id,u1_0.assigned_gigs,u1_0.bank_details,u1_0.completed_gigs,u1_0.created_at,u1_0.email,u1_0.gigs_posted,u1_0.name,u1_0.organisation,u1_0.password,u1_0.phone,u1_0.rating,u1_0.role,u1_0.skills from users u1_0 where u1_0.email=?
Hibernate: select u1_0.id,u1_0.assigned_gigs,u1_0.bank_details,u1_0.completed_gigs,u1_0.created_at,u1_0.email,u1_0.gigs_posted,u1_0.name,u1_0.organisation,u1_0.password,u1_0.phone,u1_0.rating,u1_0.role,u1_0.skills from users u1_0 where u1_0.email=?
Hibernate: select u1_0.id,u1_0.assigned_gigs,u1_0.bank_details,u1_0.completed_gigs,u1_0.created_at,u1_0.email,u1_0.gigs_posted,u1_0.name,u1_0.organisation,u1_0.password,u1_0.phone,u1_0.rating,u1_0.role,u1_0.skills from users u1_0 where u1_0.id in (?)
Hibernate: select u1_0.id,u1_0.assigned_gigs,u1_0.bank_details,u1_0.completed_gigs,u1_0.created_at,u1_0.email,u1_0.gigs_posted,u1_0.name,u1_0.organisation,u1_0.password,u1_0.phone,u1_0.rating,u1_0.role,u1_0.skills from users u1_0 where u1_0.id in (?)
Hibernate: select u1_0.id,u1_0.assigned_gigs,u1_0.bank_details,u1_0.completed_gigs,u1_0.created_at,u1_0.email,u1_0.gigs_posted,u1_0.name,u1_0.organisation,u1_0.password,u1_0.phone,u1_0.rating,u1_0.role,u1_0.skills from users u1_0 where u1_0.id in (?)
Hibernate: select u1_0.id,u1_0.assigned_gigs,u1_0.bank_details,u1_0.completed_gigs,u1_0.created_at,u1_0.email,u1_0.gigs_posted,u1_0.name,u1_0.organisation,u1_0.password,u1_0.phone,u1_0.rating,u1_0.role,u1_0.skills from users u1_0 where u1_0.id in (?)
Hibernate: select u1_0.id,u1_0.assigned_gigs,u1_0.bank_details,u1_0.completed_gigs,u1_0.created_at,u1_0.email,u1_0.gigs_posted,u1_0.name,u1_0.organisation,u1_0.password,u1_0.phone,u1_0.rating,u1_0.role,u1_0.skills from users u1_0 where u1_0.id in (?)
Hibernate: select u1_0.id,u1_0.assigned_gigs,u1_0.bank_details,u1_0.completed_gigs,u1_0.created_at,u1_0.email,u1_0.gigs_posted,u1_0.name,u1_0.organisation,u1_0.password,u1_0.phone,u1_0.rating,u1_0.role,u1_0.skills from users u1_0 where u1_0.id in (?)
Hibernate: select u1_0.id,u1_0.assigned_gigs,u1_0.bank_details,u1_0.completed_gigs,u1_0.created_at,u1_0.email,u1_0.gigs_posted,u1_0.name,u1_0.organisation,u1_0.password,u1_0.phone,u1_0.rating,u1_0.role,u1_0.skills from users u1_0 where u1_0.id in (?)
Hibernate: select u1_0.id,u1_0.assigned_gigs,u1_0.bank_details,u1_0.completed_gigs,u1_0.created_at,u1_0.email,u1_0.gigs_posted,u1_0.name,u1_0.organisation,u1_0.password,u1_0.phone,u1_0.rating,u1_0.role,u1_0.skills from users u1_0 where u1_0.id in (?)
Hibernate: select u1_0.id,u1_0.assigned_gigs,u1_0.bank_details,u1_0.completed_gigs,u1_0.created_at,u1_0.email,u1_0.gigs_posted,u1_0.name,u1_0.organisation,u1_0.password,u1_0.phone,u1_0.rating,u1_0.role,u1_0.skills from users u1_0 where u1_0.id in (?)
Hibernate: select u1_0.id,u1_0.assigned_gigs,u1_0.bank_details,u1_0.completed_gigs,u1_0.created_at,u1_0.email,u1_0.gigs_posted,u1_0.name,u1_0.organisation,u1_0.password,u1_0.phone,u1_0.rating,u1_0.role,u1_0.skills from users u1_0 where u1_0.id in (?)
Hibernate: select u1_0.id,u1_0.assigned_gigs,u1_0.bank_details,u1_0.completed_gigs,u1_0.created_at,u1_0.email,u1_0.gigs_posted,u1_0.name,u1_0.organisation,u1_0.password,u1_0.phone,u1_0.rating,u1_0.role,u1_0.skills from users u1_0 where u1_0.id in (?)
Hibernate: select u1_0.id,u1_0.assigned_gigs,u1_0.bank_details,u1_0.completed_gigs,u1_0.created_at,u1_0.email,u1_0.gigs_posted,u1_0.name,u1_0.organisation,u1_0.password,u1_0.phone,u1_0.rating,u1_0.role,u1_0.skills from users u1_0 where u1_0.id in (?)
Hibernate: select u1_0.id,u1_0.assigned_gigs,u1_0.bank_details,u1_0.completed_gigs,u1_0.created_at,u1_0.email,u1_0.gigs_posted,u1_0.name,u1_0.organisation,u1_0.password,u1_0.phone,u1_0.rating,u1_0.role,u1_0.skills from users u1_0 where u1_0.id in (?)
Hibernate: select u1_0.id,u1_0.assigned_gigs,u1_0.bank_details,u1_0.completed_gigs,u1_0.created_at,u1_0.email,u1_0.gigs_posted,u1_0.name,u1_0.organisation,u1_0.password,u1_0.phone,u1_0.rating,u1_0.role,u1_0.skills from users u1_0 where u1_0.email=?
Hibernate: select u1_0.id,u1_0.assigned_gigs,u1_0.bank_details,u1_0.completed_gigs,u1_0.created_at,u1_0.email,u1_0.gigs_posted,u1_0.name,u1_0.organisation,u1_0.password,u1_0.phone,u1_0.rating,u1_0.role,u1_0.skills from users u1_0 where u1_0.email=?
Hibernate: select u1_0.id,u1_0.assigned_gigs,u1_0.bank_details,u1_0.completed_gigs,u1_0.created_at,u1_0.email,u1_0.gigs_posted,u1_0.name,u1_0.organisation,u1_0.password,u1_0.phone,u1_0.rating,u1_0.role,u1_0.skills from users u1_0 where u1_0.email=?
Hibernate: select u1_0.id,u1_0.assigned_gigs,u1_0.bank_details,u1_0.completed_gigs,u1_0.created_at,u1_0.email,u1_0.gigs_posted,u1_0.name,u1_0.organisation,u1_0.password,u1_0.phone,u1_0.rating,u1_0.role,u1_0.skills from users u1_0 where u1_0.email=?
Hibernate: select u1_0.id,u1_0.assigned_gigs,u1_0.bank_details,u1_0.completed_gigs,u1_0.created_at,u1_0.email,u1_0.gigs_posted,u1_0.name,u1_0.organisation,u1_0.password,u1_0.phone,u1_0.rating,u1_0.role,u1_0.skills from users u1_0 where u1_0.email=?
Hibernate: select u1_0.id,u1_0.assigned_gigs,u1_0.bank_details,u1_0.completed_gigs,u1_0.created_at,u1_0.email,u1_0.gigs_posted,u1_0.name,u1_0.organisation,u1_0.password,u1_0.phone,u1_0.rating,u1_0.role,u1_0.skills from users u1_0 where u1_0.email=?
Hibernate: select u1_0.id,u1_0.assigned_gigs,u1_0.bank_details,u1_0.completed_gigs,u1_0.created_at,u1_0.email,u1_0.gigs_posted,u1_0.name,u1_0.organisation,u1_0.password,u1_0.phone,u1_0.rating,u1_0.role,u1_0.skills from users u1_0 where u1_0.email=?
Hibernate: select u1_0.id,u1_0.assigned_gigs,u1_0.bank_details,u1_0.completed_gigs,u1_0.created_at,u1_0.email,u1_0.gigs_posted,u1_0.name,u1_0.organisation,u1_0.password,u1_0.phone,u1_0.rating,u1_0.role,u1_0.skills from users u1_0 where u1_0.email=?
Hibernate: select u1_0.id,u1_0.assigned_gigs,u1_0.bank_details,u1_0.completed_gigs,u1_0.created_at,u1_0.email,u1_0.gigs_posted,u1_0.name,u1_0.organisation,u1_0.password,u1_0.phone,u1_0.rating,u1_0.role,u1_0.skills from users u1_0 where u1_0.email=?
Hibernate: select u1_0.id,u1_0.assigned_gigs,u1_0.bank_details,u1_0.completed_gigs,u1_0.created_at,u1_0.email,u1_0.gigs_posted,u1_0.name,u1_0.organisation,u1_0.password,u1_0.phone,u1_0.rating,u1_0.role,u1_0.skills from users u1_0 where u1_0.email=?
Hibernate: select u1_0.id,u1_0.assigned_gigs,u1_0.bank_details,u1_0.completed_gigs,u1_0.created_at,u1_0.email,u1_0.gigs_posted,u1_0.name,u1_0.organisation,u1_0.password,u1_0.phone,u1_0.rating,u1_0.role,u1_0.skills from users u1_0 where u1_0.email=?
Hibernate: insert into users (assigned_gigs,bank_details,completed_gigs,created_at,email,gigs_posted,name,organisation,password,phone,rating,role,skills) values (?,?,?,?,?,?,?,?,?,?,?,?,?)
Hibernate: select u1_0.id,u1_0.assigned_gigs,u1_0.bank_details,u1_0.completed_gigs,u1_0.created_at,u1_0.email,u1_0.gigs_posted,u1_0.name,u1_0.organisation,u1_0.password,u1_0.phone,u1_0.rating,u1_0.role,u1_0.skills from users u1_0 where u1_0.id in (?,?)
Hibernate: select u1_0.id,u1_0.assigned_gigs,u1_0.bank_details,u1_0.completed_gigs,u1_0.created_at,u1_0.email,u1_0.gigs_posted,u1_0.name,u1_0.organisation,u1_0.password,u1_0.phone,u1_0.rating,u1_0.role,u1_0.skills from users u1_0 where u1_0.email=?
Hibernate: select u1_0.id,u1_0.assigned_gigs,u1_0.bank_details,u1_0.completed_gigs,u1_0.created_at,u1_0.email,u1_0.gigs_posted,u1_0.name,u1_0.organisation,u1_0.password,u1_0.phone,u1_0.rating,u1_0.role,u1_0.skills from users u1_0 where u1_0.email=?
2026-03-24T23:39:02.565+05:30 ERROR 19991 --- [auth-service] [nio-8081-exec-2] o.a.c.c.C.[.[.[/].[dispatcherServlet]    : Servlet.service() for servlet [dispatcherServlet] in context with path [] threw exception [Request processing failed: java.lang.RuntimeException: Email already exists] with root cause

java.lang.RuntimeException: Email already exists
	at com.freelance.auth.service.AuthService.signup(AuthService.java:32) ~[!/:0.0.1-SNAPSHOT]
	at com.freelance.auth.controller.AuthController.signup(AuthController.java:24) ~[!/:0.0.1-SNAPSHOT]
	at java.base/jdk.internal.reflect.DirectMethodHandleAccessor.invoke(DirectMethodHandleAccessor.java:103) ~[na:na]
	at java.base/java.lang.reflect.Method.invoke(Method.java:580) ~[na:na]
	at org.springframework.web.method.support.InvocableHandlerMethod.doInvoke(InvocableHandlerMethod.java:252) ~[spring-web-7.0.5.jar!/:7.0.5]
	at org.springframework.web.method.support.InvocableHandlerMethod.invokeForRequest(InvocableHandlerMethod.java:184) ~[spring-web-7.0.5.jar!/:7.0.5]
	at org.springframework.web.servlet.mvc.method.annotation.ServletInvocableHandlerMethod.invokeAndHandle(ServletInvocableHandlerMethod.java:117) ~[spring-webmvc-7.0.5.jar!/:7.0.5]
	at org.springframework.web.servlet.mvc.method.annotation.RequestMappingHandlerAdapter.invokeHandlerMethod(RequestMappingHandlerAdapter.java:934) ~[spring-webmvc-7.0.5.jar!/:7.0.5]
	at org.springframework.web.servlet.mvc.method.annotation.RequestMappingHandlerAdapter.handleInternal(RequestMappingHandlerAdapter.java:853) ~[spring-webmvc-7.0.5.jar!/:7.0.5]
	at org.springframework.web.servlet.mvc.method.AbstractHandlerMethodAdapter.handle(AbstractHandlerMethodAdapter.java:86) ~[spring-webmvc-7.0.5.jar!/:7.0.5]
	at org.springframework.web.servlet.DispatcherServlet.doDispatch(DispatcherServlet.java:963) ~[spring-webmvc-7.0.5.jar!/:7.0.5]
	at org.springframework.web.servlet.DispatcherServlet.doService(DispatcherServlet.java:866) ~[spring-webmvc-7.0.5.jar!/:7.0.5]
	at org.springframework.web.servlet.FrameworkServlet.processRequest(FrameworkServlet.java:1000) ~[spring-webmvc-7.0.5.jar!/:7.0.5]
	at org.springframework.web.servlet.FrameworkServlet.doPost(FrameworkServlet.java:903) ~[spring-webmvc-7.0.5.jar!/:7.0.5]
	at jakarta.servlet.http.HttpServlet.service(HttpServlet.java:649) ~[tomcat-embed-core-11.0.18.jar!/:na]
	at org.springframework.web.servlet.FrameworkServlet.service(FrameworkServlet.java:874) ~[spring-webmvc-7.0.5.jar!/:7.0.5]
	at jakarta.servlet.http.HttpServlet.service(HttpServlet.java:710) ~[tomcat-embed-core-11.0.18.jar!/:na]
	at org.apache.catalina.core.ApplicationFilterChain.doFilter(ApplicationFilterChain.java:128) ~[tomcat-embed-core-11.0.18.jar!/:na]
	at org.apache.tomcat.websocket.server.WsFilter.doFilter(WsFilter.java:53) ~[tomcat-embed-websocket-11.0.18.jar!/:na]
	at org.apache.catalina.core.ApplicationFilterChain.doFilter(ApplicationFilterChain.java:107) ~[tomcat-embed-core-11.0.18.jar!/:na]
	at org.springframework.web.filter.OncePerRequestFilter.doFilter(OncePerRequestFilter.java:110) ~[spring-web-7.0.5.jar!/:7.0.5]
	at org.apache.catalina.core.ApplicationFilterChain.doFilter(ApplicationFilterChain.java:107) ~[tomcat-embed-core-11.0.18.jar!/:na]
	at org.springframework.web.filter.CompositeFilter$VirtualFilterChain.doFilter(CompositeFilter.java:108) ~[spring-web-7.0.5.jar!/:7.0.5]
	at org.springframework.security.web.FilterChainProxy.lambda$doFilterInternal$3(FilterChainProxy.java:235) ~[spring-security-web-7.0.3.jar!/:7.0.3]
	at org.springframework.security.web.FilterChainProxy$VirtualFilterChain.doFilter(FilterChainProxy.java:371) ~[spring-security-web-7.0.3.jar!/:7.0.3]
	at org.springframework.security.web.access.intercept.AuthorizationFilter.doFilter(AuthorizationFilter.java:101) ~[spring-security-web-7.0.3.jar!/:7.0.3]
	at org.springframework.security.web.FilterChainProxy$VirtualFilterChain.doFilter(FilterChainProxy.java:380) ~[spring-security-web-7.0.3.jar!/:7.0.3]
	at org.springframework.security.web.access.ExceptionTranslationFilter.doFilter(ExceptionTranslationFilter.java:126) ~[spring-security-web-7.0.3.jar!/:7.0.3]
	at org.springframework.security.web.access.ExceptionTranslationFilter.doFilter(ExceptionTranslationFilter.java:120) ~[spring-security-web-7.0.3.jar!/:7.0.3]
	at org.springframework.security.web.FilterChainProxy$VirtualFilterChain.doFilter(FilterChainProxy.java:380) ~[spring-security-web-7.0.3.jar!/:7.0.3]
	at org.springframework.security.web.session.SessionManagementFilter.doFilter(SessionManagementFilter.java:132) ~[spring-security-web-7.0.3.jar!/:7.0.3]
	at org.springframework.security.web.session.SessionManagementFilter.doFilter(SessionManagementFilter.java:86) ~[spring-security-web-7.0.3.jar!/:7.0.3]
	at org.springframework.security.web.FilterChainProxy$VirtualFilterChain.doFilter(FilterChainProxy.java:380) ~[spring-security-web-7.0.3.jar!/:7.0.3]
	at org.springframework.security.web.authentication.AnonymousAuthenticationFilter.doFilter(AnonymousAuthenticationFilter.java:100) ~[spring-security-web-7.0.3.jar!/:7.0.3]
	at org.springframework.security.web.FilterChainProxy$VirtualFilterChain.doFilter(FilterChainProxy.java:380) ~[spring-security-web-7.0.3.jar!/:7.0.3]
	at org.springframework.security.web.servletapi.SecurityContextHolderAwareRequestFilter.doFilter(SecurityContextHolderAwareRequestFilter.java:181) ~[spring-security-web-7.0.3.jar!/:7.0.3]
	at org.springframework.security.web.FilterChainProxy$VirtualFilterChain.doFilter(FilterChainProxy.java:380) ~[spring-security-web-7.0.3.jar!/:7.0.3]
	at org.springframework.security.web.savedrequest.RequestCacheAwareFilter.doFilter(RequestCacheAwareFilter.java:63) ~[spring-security-web-7.0.3.jar!/:7.0.3]
	at org.springframework.security.web.FilterChainProxy$VirtualFilterChain.doFilter(FilterChainProxy.java:380) ~[spring-security-web-7.0.3.jar!/:7.0.3]
	at com.freelance.auth.security.JwtAuthenticationFilter.doFilterInternal(JwtAuthenticationFilter.java:52) ~[!/:0.0.1-SNAPSHOT]
	at org.springframework.web.filter.OncePerRequestFilter.doFilter(OncePerRequestFilter.java:116) ~[spring-web-7.0.5.jar!/:7.0.5]
	at org.springframework.security.web.FilterChainProxy$VirtualFilterChain.doFilter(FilterChainProxy.java:380) ~[spring-security-web-7.0.3.jar!/:7.0.3]
	at org.springframework.security.web.authentication.logout.LogoutFilter.doFilter(LogoutFilter.java:110) ~[spring-security-web-7.0.3.jar!/:7.0.3]
	at org.springframework.security.web.authentication.logout.LogoutFilter.doFilter(LogoutFilter.java:96) ~[spring-security-web-7.0.3.jar!/:7.0.3]
	at org.springframework.security.web.FilterChainProxy$VirtualFilterChain.doFilter(FilterChainProxy.java:380) ~[spring-security-web-7.0.3.jar!/:7.0.3]
	at org.springframework.security.web.header.HeaderWriterFilter.doHeadersAfter(HeaderWriterFilter.java:90) ~[spring-security-web-7.0.3.jar!/:7.0.3]
	at org.springframework.security.web.header.HeaderWriterFilter.doFilterInternal(HeaderWriterFilter.java:75) ~[spring-security-web-7.0.3.jar!/:7.0.3]
	at org.springframework.web.filter.OncePerRequestFilter.doFilter(OncePerRequestFilter.java:116) ~[spring-web-7.0.5.jar!/:7.0.5]
	at org.springframework.security.web.FilterChainProxy$VirtualFilterChain.doFilter(FilterChainProxy.java:380) ~[spring-security-web-7.0.3.jar!/:7.0.3]
	at org.springframework.security.web.context.SecurityContextHolderFilter.doFilter(SecurityContextHolderFilter.java:82) ~[spring-security-web-7.0.3.jar!/:7.0.3]
	at org.springframework.security.web.context.SecurityContextHolderFilter.doFilter(SecurityContextHolderFilter.java:69) ~[spring-security-web-7.0.3.jar!/:7.0.3]
	at org.springframework.security.web.FilterChainProxy$VirtualFilterChain.doFilter(FilterChainProxy.java:380) ~[spring-security-web-7.0.3.jar!/:7.0.3]
	at org.springframework.security.web.context.request.async.WebAsyncManagerIntegrationFilter.doFilterInternal(WebAsyncManagerIntegrationFilter.java:62) ~[spring-security-web-7.0.3.jar!/:7.0.3]
	at org.springframework.web.filter.OncePerRequestFilter.doFilter(OncePerRequestFilter.java:116) ~[spring-web-7.0.5.jar!/:7.0.5]
	at org.springframework.security.web.FilterChainProxy$VirtualFilterChain.doFilter(FilterChainProxy.java:380) ~[spring-security-web-7.0.3.jar!/:7.0.3]
	at org.springframework.security.web.session.DisableEncodeUrlFilter.doFilterInternal(DisableEncodeUrlFilter.java:42) ~[spring-security-web-7.0.3.jar!/:7.0.3]
	at org.springframework.web.filter.OncePerRequestFilter.doFilter(OncePerRequestFilter.java:116) ~[spring-web-7.0.5.jar!/:7.0.5]
	at org.springframework.security.web.FilterChainProxy$VirtualFilterChain.doFilter(FilterChainProxy.java:380) ~[spring-security-web-7.0.3.jar!/:7.0.3]
	at org.springframework.security.web.FilterChainProxy.doFilterInternal(FilterChainProxy.java:237) ~[spring-security-web-7.0.3.jar!/:7.0.3]
	at org.springframework.security.web.FilterChainProxy.doFilter(FilterChainProxy.java:195) ~[spring-security-web-7.0.3.jar!/:7.0.3]
	at org.springframework.web.filter.CompositeFilter$VirtualFilterChain.doFilter(CompositeFilter.java:113) ~[spring-web-7.0.5.jar!/:7.0.5]
	at org.springframework.web.filter.ServletRequestPathFilter.doFilter(ServletRequestPathFilter.java:52) ~[spring-web-7.0.5.jar!/:7.0.5]
	at org.springframework.web.filter.CompositeFilter$VirtualFilterChain.doFilter(CompositeFilter.java:113) ~[spring-web-7.0.5.jar!/:7.0.5]
	at org.springframework.web.filter.CompositeFilter.doFilter(CompositeFilter.java:74) ~[spring-web-7.0.5.jar!/:7.0.5]
	at org.springframework.security.config.annotation.web.configuration.WebSecurityConfiguration$CompositeFilterChainProxy.doFilter(WebSecurityConfiguration.java:317) ~[spring-security-config-7.0.3.jar!/:7.0.3]
	at org.springframework.web.filter.DelegatingFilterProxy.invokeDelegate(DelegatingFilterProxy.java:355) ~[spring-web-7.0.5.jar!/:7.0.5]
	at org.springframework.web.filter.DelegatingFilterProxy.doFilter(DelegatingFilterProxy.java:272) ~[spring-web-7.0.5.jar!/:7.0.5]
	at org.apache.catalina.core.ApplicationFilterChain.doFilter(ApplicationFilterChain.java:107) ~[tomcat-embed-core-11.0.18.jar!/:na]
	at org.springframework.web.filter.RequestContextFilter.doFilterInternal(RequestContextFilter.java:100) ~[spring-web-7.0.5.jar!/:7.0.5]
	at org.springframework.web.filter.OncePerRequestFilter.doFilter(OncePerRequestFilter.java:116) ~[spring-web-7.0.5.jar!/:7.0.5]
	at org.apache.catalina.core.ApplicationFilterChain.doFilter(ApplicationFilterChain.java:107) ~[tomcat-embed-core-11.0.18.jar!/:na]
	at org.springframework.web.filter.FormContentFilter.doFilterInternal(FormContentFilter.java:93) ~[spring-web-7.0.5.jar!/:7.0.5]
	at org.springframework.web.filter.OncePerRequestFilter.doFilter(OncePerRequestFilter.java:116) ~[spring-web-7.0.5.jar!/:7.0.5]
	at org.apache.catalina.core.ApplicationFilterChain.doFilter(ApplicationFilterChain.java:107) ~[tomcat-embed-core-11.0.18.jar!/:na]
	at org.springframework.web.filter.CharacterEncodingFilter.doFilterInternal(CharacterEncodingFilter.java:199) ~[spring-web-7.0.5.jar!/:7.0.5]
	at org.springframework.web.filter.OncePerRequestFilter.doFilter(OncePerRequestFilter.java:116) ~[spring-web-7.0.5.jar!/:7.0.5]
	at org.apache.catalina.core.ApplicationFilterChain.doFilter(ApplicationFilterChain.java:107) ~[tomcat-embed-core-11.0.18.jar!/:na]
	at org.apache.catalina.core.StandardWrapperValve.invoke(StandardWrapperValve.java:165) ~[tomcat-embed-core-11.0.18.jar!/:na]
	at org.apache.catalina.core.StandardContextValve.invoke(StandardContextValve.java:77) ~[tomcat-embed-core-11.0.18.jar!/:na]
	at org.apache.catalina.authenticator.AuthenticatorBase.invoke(AuthenticatorBase.java:492) ~[tomcat-embed-core-11.0.18.jar!/:na]
	at org.apache.catalina.core.StandardHostValve.invoke(StandardHostValve.java:113) ~[tomcat-embed-core-11.0.18.jar!/:na]
	at org.apache.catalina.valves.ErrorReportValve.invoke(ErrorReportValve.java:83) ~[tomcat-embed-core-11.0.18.jar!/:na]
	at org.apache.catalina.core.StandardEngineValve.invoke(StandardEngineValve.java:72) ~[tomcat-embed-core-11.0.18.jar!/:na]
	at org.apache.catalina.connector.CoyoteAdapter.service(CoyoteAdapter.java:341) ~[tomcat-embed-core-11.0.18.jar!/:na]
	at org.apache.coyote.http11.Http11Processor.service(Http11Processor.java:397) ~[tomcat-embed-core-11.0.18.jar!/:na]
	at org.apache.coyote.AbstractProcessorLight.process(AbstractProcessorLight.java:63) ~[tomcat-embed-core-11.0.18.jar!/:na]
	at org.apache.coyote.AbstractProtocol$ConnectionHandler.process(AbstractProtocol.java:903) ~[tomcat-embed-core-11.0.18.jar!/:na]
	at org.apache.tomcat.util.net.NioEndpoint$SocketProcessor.doRun(NioEndpoint.java:1779) ~[tomcat-embed-core-11.0.18.jar!/:na]
	at org.apache.tomcat.util.net.SocketProcessorBase.run(SocketProcessorBase.java:52) ~[tomcat-embed-core-11.0.18.jar!/:na]
	at org.apache.tomcat.util.threads.ThreadPoolExecutor.runWorker(ThreadPoolExecutor.java:946) ~[tomcat-embed-core-11.0.18.jar!/:na]
	at org.apache.tomcat.util.threads.ThreadPoolExecutor$Worker.run(ThreadPoolExecutor.java:480) ~[tomcat-embed-core-11.0.18.jar!/:na]
	at org.apache.tomcat.util.threads.TaskThread$WrappingRunnable.run(TaskThread.java:57) ~[tomcat-embed-core-11.0.18.jar!/:na]
	at java.base/java.lang.Thread.run(Thread.java:1583) ~[na:na]

Hibernate: select u1_0.id,u1_0.assigned_gigs,u1_0.bank_details,u1_0.completed_gigs,u1_0.created_at,u1_0.email,u1_0.gigs_posted,u1_0.name,u1_0.organisation,u1_0.password,u1_0.phone,u1_0.rating,u1_0.role,u1_0.skills from users u1_0 where u1_0.email=?
Hibernate: select u1_0.id,u1_0.assigned_gigs,u1_0.bank_details,u1_0.completed_gigs,u1_0.created_at,u1_0.email,u1_0.gigs_posted,u1_0.name,u1_0.organisation,u1_0.password,u1_0.phone,u1_0.rating,u1_0.role,u1_0.skills from users u1_0 where u1_0.email=?
Hibernate: insert into users (assigned_gigs,bank_details,completed_gigs,created_at,email,gigs_posted,name,organisation,password,phone,rating,role,skills) values (?,?,?,?,?,?,?,?,?,?,?,?,?)
Hibernate: select u1_0.id,u1_0.assigned_gigs,u1_0.bank_details,u1_0.completed_gigs,u1_0.created_at,u1_0.email,u1_0.gigs_posted,u1_0.name,u1_0.organisation,u1_0.password,u1_0.phone,u1_0.rating,u1_0.role,u1_0.skills from users u1_0 where u1_0.email=?
Hibernate: insert into users (assigned_gigs,bank_details,completed_gigs,created_at,email,gigs_posted,name,organisation,password,phone,rating,role,skills) values (?,?,?,?,?,?,?,?,?,?,?,?,?)
Hibernate: select u1_0.id,u1_0.assigned_gigs,u1_0.bank_details,u1_0.completed_gigs,u1_0.created_at,u1_0.email,u1_0.gigs_posted,u1_0.name,u1_0.organisation,u1_0.password,u1_0.phone,u1_0.rating,u1_0.role,u1_0.skills from users u1_0 where u1_0.email=?
Hibernate: select u1_0.id,u1_0.assigned_gigs,u1_0.bank_details,u1_0.completed_gigs,u1_0.created_at,u1_0.email,u1_0.gigs_posted,u1_0.name,u1_0.organisation,u1_0.password,u1_0.phone,u1_0.rating,u1_0.role,u1_0.skills from users u1_0 where u1_0.id in (?,?)
Hibernate: select u1_0.id,u1_0.assigned_gigs,u1_0.bank_details,u1_0.completed_gigs,u1_0.created_at,u1_0.email,u1_0.gigs_posted,u1_0.name,u1_0.organisation,u1_0.password,u1_0.phone,u1_0.rating,u1_0.role,u1_0.skills from users u1_0 where u1_0.id in (?,?)
Hibernate: select u1_0.id,u1_0.assigned_gigs,u1_0.bank_details,u1_0.completed_gigs,u1_0.created_at,u1_0.email,u1_0.gigs_posted,u1_0.name,u1_0.organisation,u1_0.password,u1_0.phone,u1_0.rating,u1_0.role,u1_0.skills from users u1_0 where u1_0.id in (?,?)
Hibernate: select u1_0.id,u1_0.assigned_gigs,u1_0.bank_details,u1_0.completed_gigs,u1_0.created_at,u1_0.email,u1_0.gigs_posted,u1_0.name,u1_0.organisation,u1_0.password,u1_0.phone,u1_0.rating,u1_0.role,u1_0.skills from users u1_0 where u1_0.id in (?,?)
Hibernate: select u1_0.id,u1_0.assigned_gigs,u1_0.bank_details,u1_0.completed_gigs,u1_0.created_at,u1_0.email,u1_0.gigs_posted,u1_0.name,u1_0.organisation,u1_0.password,u1_0.phone,u1_0.rating,u1_0.role,u1_0.skills from users u1_0 where u1_0.id in (?,?)
Hibernate: select u1_0.id,u1_0.assigned_gigs,u1_0.bank_details,u1_0.completed_gigs,u1_0.created_at,u1_0.email,u1_0.gigs_posted,u1_0.name,u1_0.organisation,u1_0.password,u1_0.phone,u1_0.rating,u1_0.role,u1_0.skills from users u1_0 where u1_0.id in (?,?)
Hibernate: select u1_0.id,u1_0.assigned_gigs,u1_0.bank_details,u1_0.completed_gigs,u1_0.created_at,u1_0.email,u1_0.gigs_posted,u1_0.name,u1_0.organisation,u1_0.password,u1_0.phone,u1_0.rating,u1_0.role,u1_0.skills from users u1_0 where u1_0.id in (?,?)
Hibernate: select u1_0.id,u1_0.assigned_gigs,u1_0.bank_details,u1_0.completed_gigs,u1_0.created_at,u1_0.email,u1_0.gigs_posted,u1_0.name,u1_0.organisation,u1_0.password,u1_0.phone,u1_0.rating,u1_0.role,u1_0.skills from users u1_0 where u1_0.id in (?,?)
Hibernate: select u1_0.id,u1_0.assigned_gigs,u1_0.bank_details,u1_0.completed_gigs,u1_0.created_at,u1_0.email,u1_0.gigs_posted,u1_0.name,u1_0.organisation,u1_0.password,u1_0.phone,u1_0.rating,u1_0.role,u1_0.skills from users u1_0 where u1_0.id in (?)
Hibernate: select u1_0.id,u1_0.assigned_gigs,u1_0.bank_details,u1_0.completed_gigs,u1_0.created_at,u1_0.email,u1_0.gigs_posted,u1_0.name,u1_0.organisation,u1_0.password,u1_0.phone,u1_0.rating,u1_0.role,u1_0.skills from users u1_0 where u1_0.id in (?)
Hibernate: select u1_0.id,u1_0.assigned_gigs,u1_0.bank_details,u1_0.completed_gigs,u1_0.created_at,u1_0.email,u1_0.gigs_posted,u1_0.name,u1_0.organisation,u1_0.password,u1_0.phone,u1_0.rating,u1_0.role,u1_0.skills from users u1_0 where u1_0.email=?
Hibernate: insert into users (assigned_gigs,bank_details,completed_gigs,created_at,email,gigs_posted,name,organisation,password,phone,rating,role,skills) values (?,?,?,?,?,?,?,?,?,?,?,?,?)
Hibernate: select u1_0.id,u1_0.assigned_gigs,u1_0.bank_details,u1_0.completed_gigs,u1_0.created_at,u1_0.email,u1_0.gigs_posted,u1_0.name,u1_0.organisation,u1_0.password,u1_0.phone,u1_0.rating,u1_0.role,u1_0.skills from users u1_0 where u1_0.email=?
Hibernate: select u1_0.id,u1_0.assigned_gigs,u1_0.bank_details,u1_0.completed_gigs,u1_0.created_at,u1_0.email,u1_0.gigs_posted,u1_0.name,u1_0.organisation,u1_0.password,u1_0.phone,u1_0.rating,u1_0.role,u1_0.skills from users u1_0 where u1_0.email=?
Hibernate: insert into users (assigned_gigs,bank_details,completed_gigs,created_at,email,gigs_posted,name,organisation,password,phone,rating,role,skills) values (?,?,?,?,?,?,?,?,?,?,?,?,?)
Hibernate: select u1_0.id,u1_0.assigned_gigs,u1_0.bank_details,u1_0.completed_gigs,u1_0.created_at,u1_0.email,u1_0.gigs_posted,u1_0.name,u1_0.organisation,u1_0.password,u1_0.phone,u1_0.rating,u1_0.role,u1_0.skills from users u1_0 where u1_0.email=?
Hibernate: select u1_0.id,u1_0.assigned_gigs,u1_0.bank_details,u1_0.completed_gigs,u1_0.created_at,u1_0.email,u1_0.gigs_posted,u1_0.name,u1_0.organisation,u1_0.password,u1_0.phone,u1_0.rating,u1_0.role,u1_0.skills from users u1_0 where u1_0.id in (?)
Hibernate: select u1_0.id,u1_0.assigned_gigs,u1_0.bank_details,u1_0.completed_gigs,u1_0.created_at,u1_0.email,u1_0.gigs_posted,u1_0.name,u1_0.organisation,u1_0.password,u1_0.phone,u1_0.rating,u1_0.role,u1_0.skills from users u1_0 where u1_0.id in (?)
