[INFO] Scanning for projects...
[INFO] 
[INFO] --------------------------< com.example:demo >--------------------------
[INFO] Building notification-service 0.0.1-SNAPSHOT
[INFO]   from pom.xml
[INFO] --------------------------------[ jar ]---------------------------------
[INFO] 
[INFO] --- clean:3.5.0:clean (default-clean) @ demo ---
[INFO] Deleting /home/user/temp/MINI_2/GigFlow/backend/notification-service/target
[INFO] 
[INFO] >>> spring-boot:4.0.3:run (default-cli) > test-compile @ demo >>>
[INFO] 
[INFO] --- resources:3.3.1:resources (default-resources) @ demo ---
[INFO] Copying 1 resource from src/main/resources to target/classes
[INFO] Copying 0 resource from src/main/resources to target/classes
[INFO] 
[INFO] --- compiler:3.14.1:compile (default-compile) @ demo ---
[INFO] Recompiling the module because of changed source code.
[INFO] Compiling 5 source files with javac [debug parameters release 21] to target/classes
[INFO] 
[INFO] --- resources:3.3.1:testResources (default-testResources) @ demo ---
[INFO] skip non existing resourceDirectory /home/user/temp/MINI_2/GigFlow/backend/notification-service/src/test/resources
[INFO] 
[INFO] --- compiler:3.14.1:testCompile (default-testCompile) @ demo ---
[INFO] Recompiling the module because of changed dependency.
[INFO] Compiling 1 source file with javac [debug parameters release 21] to target/test-classes
[INFO] 
[INFO] <<< spring-boot:4.0.3:run (default-cli) < test-compile @ demo <<<
[INFO] 
[INFO] 
[INFO] --- spring-boot:4.0.3:run (default-cli) @ demo ---
[INFO] Attaching agents: []

  .   ____          _            __ _ _
 /\\ / ___'_ __ _ _(_)_ __  __ _ \ \ \ \
( ( )\___ | '_ | '_| | '_ \/ _` | \ \ \ \
 \\/  ___)| |_)| | | | | || (_| |  ) ) ) )
  '  |____| .__|_| |_|_| |_\__, | / / / /
 =========|_|==============|___/=/_/_/_/

 :: Spring Boot ::                (v4.0.3)

2026-03-24T22:51:01.348+05:30  INFO 14292 --- [notification-service] [           main] c.f.n.NotificationServiceApplication     : Starting NotificationServiceApplication using Java 21.0.7 with PID 14292 (/home/user/temp/MINI_2/GigFlow/backend/notification-service/target/classes started by user in /home/user/temp/MINI_2/GigFlow/backend/notification-service)
2026-03-24T22:51:01.356+05:30  INFO 14292 --- [notification-service] [           main] c.f.n.NotificationServiceApplication     : The following 1 profile is active: "dev"
2026-03-24T22:51:02.543+05:30  INFO 14292 --- [notification-service] [           main] .s.d.r.c.RepositoryConfigurationDelegate : Bootstrapping Spring Data JPA repositories in DEFAULT mode.
2026-03-24T22:51:02.569+05:30  INFO 14292 --- [notification-service] [           main] .s.d.r.c.RepositoryConfigurationDelegate : Finished Spring Data repository scanning in 15 ms. Found 0 JPA repository interfaces.
2026-03-24T22:51:03.243+05:30  INFO 14292 --- [notification-service] [           main] o.s.boot.tomcat.TomcatWebServer          : Tomcat initialized with port 8083 (http)
2026-03-24T22:51:03.263+05:30  INFO 14292 --- [notification-service] [           main] o.apache.catalina.core.StandardService   : Starting service [Tomcat]
2026-03-24T22:51:03.263+05:30  INFO 14292 --- [notification-service] [           main] o.apache.catalina.core.StandardEngine    : Starting Servlet engine: [Apache Tomcat/11.0.18]
2026-03-24T22:51:03.311+05:30  INFO 14292 --- [notification-service] [           main] b.w.c.s.WebApplicationContextInitializer : Root WebApplicationContext: initialization completed in 1861 ms
2026-03-24T22:51:03.542+05:30  INFO 14292 --- [notification-service] [           main] org.hibernate.orm.jpa                    : HHH008540: Processing PersistenceUnitInfo [name: default]
2026-03-24T22:51:03.605+05:30  INFO 14292 --- [notification-service] [           main] org.hibernate.orm.core                   : HHH000001: Hibernate ORM core version 7.2.4.Final
2026-03-24T22:51:04.188+05:30  INFO 14292 --- [notification-service] [           main] o.s.o.j.p.SpringPersistenceUnitInfo      : No LoadTimeWeaver setup: ignoring JPA class transformer
2026-03-24T22:51:04.222+05:30  INFO 14292 --- [notification-service] [           main] com.zaxxer.hikari.HikariDataSource       : HikariPool-1 - Starting...
2026-03-24T22:51:04.783+05:30  INFO 14292 --- [notification-service] [           main] com.zaxxer.hikari.pool.HikariPool        : HikariPool-1 - Added connection com.mysql.cj.jdbc.ConnectionImpl@5477d90e
2026-03-24T22:51:04.785+05:30  INFO 14292 --- [notification-service] [           main] com.zaxxer.hikari.HikariDataSource       : HikariPool-1 - Start completed.
2026-03-24T22:51:04.897+05:30  INFO 14292 --- [notification-service] [           main] org.hibernate.orm.connections.pooling    : HHH10001005: Database info:
	Database JDBC URL [jdbc:mysql://localhost:3306/freelance_notification?createDatabaseIfNotExist=true&useSSL=false&allowPublicKeyRetrieval=true]
	Database driver: MySQL Connector/J
	Database dialect: MySQLDialect
	Database version: 8.0.42
	Default catalog/schema: freelance_notification/undefined
	Autocommit mode: undefined/unknown
	Isolation level: REPEATABLE_READ [default REPEATABLE_READ]
	JDBC fetch size: none
	Pool: DataSourceConnectionProvider
	Minimum pool size: undefined/unknown
	Maximum pool size: undefined/unknown
2026-03-24T22:51:05.420+05:30  INFO 14292 --- [notification-service] [           main] org.hibernate.orm.core                   : HHH000489: No JTA platform available (set 'hibernate.transaction.jta.platform' to enable JTA platform integration)
2026-03-24T22:51:05.427+05:30  INFO 14292 --- [notification-service] [           main] j.LocalContainerEntityManagerFactoryBean : Initialized JPA EntityManagerFactory for persistence unit 'default'
2026-03-24T22:51:05.601+05:30  WARN 14292 --- [notification-service] [           main] JpaBaseConfiguration$JpaWebConfiguration : spring.jpa.open-in-view is enabled by default. Therefore, database queries may be performed during view rendering. Explicitly configure spring.jpa.open-in-view to disable this warning
2026-03-24T22:51:05.624+05:30  WARN 14292 --- [notification-service] [           main] .s.a.UserDetailsServiceAutoConfiguration : 

Using generated security password: 3b6d4802-954c-42e4-a3a2-3979c0e29c01

This generated password is for development use only. Your security configuration must be updated before running your application in production.

2026-03-24T22:51:05.632+05:30  INFO 14292 --- [notification-service] [           main] r$InitializeUserDetailsManagerConfigurer : Global AuthenticationManager configured with UserDetailsService bean with name inMemoryUserDetailsManager
2026-03-24T22:51:06.122+05:30  INFO 14292 --- [notification-service] [           main] o.s.m.s.b.SimpleBrokerMessageHandler     : Starting...
2026-03-24T22:51:06.123+05:30  INFO 14292 --- [notification-service] [           main] o.s.m.s.b.SimpleBrokerMessageHandler     : BrokerAvailabilityEvent[available=true, SimpleBrokerMessageHandler [org.springframework.messaging.simp.broker.DefaultSubscriptionRegistry@59c00722]]
2026-03-24T22:51:06.123+05:30  INFO 14292 --- [notification-service] [           main] o.s.m.s.b.SimpleBrokerMessageHandler     : Started.
2026-03-24T22:51:06.137+05:30  INFO 14292 --- [notification-service] [           main] o.s.boot.tomcat.TomcatWebServer          : Tomcat started on port 8083 (http) with context path '/'
2026-03-24T22:51:06.141+05:30  INFO 14292 --- [notification-service] [           main] c.f.n.NotificationServiceApplication     : Started NotificationServiceApplication in 5.433 seconds (process running for 5.788)
2026-03-24T22:52:06.156+05:30  INFO 14292 --- [notification-service] [MessageBroker-1] o.s.w.s.c.WebSocketMessageBrokerStats    : WebSocketSession[0 current WS(0)-HttpStream(0)-HttpPoll(0), 0 total, 0 closed abnormally (0 connect failure, 0 send limit, 0 transport error)], stompSubProtocol[processed CONNECT(0)-CONNECTED(0)-DISCONNECT(0)], stompBrokerRelay[null], inboundChannel[pool size = 0, active threads = 0, queued tasks = 0, completed tasks = 0], outboundChannel[pool size = 0, active threads = 0, queued tasks = 0, completed tasks = 0], sockJsScheduler[pool size = 1, active threads = 1, queued tasks = 0, completed tasks = 0]
2026-03-24T22:52:41.722+05:30  INFO 14292 --- [notification-service] [nio-8083-exec-2] o.a.c.c.C.[Tomcat].[localhost].[/]       : Initializing Spring DispatcherServlet 'dispatcherServlet'
2026-03-24T22:52:41.725+05:30  INFO 14292 --- [notification-service] [nio-8083-exec-2] o.s.web.servlet.DispatcherServlet        : Initializing Servlet 'dispatcherServlet'
2026-03-24T22:52:41.728+05:30  INFO 14292 --- [notification-service] [nio-8083-exec-2] o.s.web.servlet.DispatcherServlet        : Completed initialization in 3 ms
2026-03-24T22:55:17.075+05:30  INFO 14292 --- [notification-service] [nio-8083-exec-3] o.s.w.s.m.SubProtocolWebSocketHandler    : No messages received after 155154 ms. Closing WebSocketServerSockJsSession[id=b4fixy0l].
2026-03-24T23:09:12.859+05:30  INFO 14292 --- [notification-service] [ionShutdownHook] o.s.boot.tomcat.GracefulShutdown         : Commencing graceful shutdown. Waiting for active requests to complete
2026-03-24T23:09:12.885+05:30  INFO 14292 --- [notification-service] [tomcat-shutdown] o.s.boot.tomcat.GracefulShutdown         : Graceful shutdown complete
2026-03-24T23:09:12.924+05:30  INFO 14292 --- [notification-service] [ionShutdownHook] o.s.m.s.b.SimpleBrokerMessageHandler     : Stopping...
2026-03-24T23:09:12.926+05:30  INFO 14292 --- [notification-service] [ionShutdownHook] o.s.m.s.b.SimpleBrokerMessageHandler     : BrokerAvailabilityEvent[available=false, SimpleBrokerMessageHandler [org.springframework.messaging.simp.broker.DefaultSubscriptionRegistry@59c00722]]
2026-03-24T23:09:12.926+05:30  INFO 14292 --- [notification-service] [ionShutdownHook] o.s.m.s.b.SimpleBrokerMessageHandler     : Stopped.
2026-03-24T23:09:12.955+05:30  INFO 14292 --- [notification-service] [ionShutdownHook] j.LocalContainerEntityManagerFactoryBean : Closing JPA EntityManagerFactory for persistence unit 'default'
2026-03-24T23:09:12.983+05:30  INFO 14292 --- [notification-service] [ionShutdownHook] com.zaxxer.hikari.HikariDataSource       : HikariPool-1 - Shutdown initiated...
2026-03-24T23:09:13.026+05:30  INFO 14292 --- [notification-service] [ionShutdownHook] com.zaxxer.hikari.HikariDataSource       : HikariPool-1 - Shutdown completed.
