[INFO] Scanning for projects...
[INFO] 
[INFO] --------------------------< com.example:demo >--------------------------
[INFO] Building auth-service 0.0.1-SNAPSHOT
[INFO]   from pom.xml
[INFO] --------------------------------[ jar ]---------------------------------
[INFO] 
[INFO] --- clean:3.5.0:clean (default-clean) @ demo ---
[INFO] Deleting /home/yashoda-adarsh/Desktop/Mini_2/MINI_PROJECT2/freelancing-platform/backend/auth-service/target
[INFO] 
[INFO] --- resources:3.3.1:resources (default-resources) @ demo ---
[INFO] Copying 1 resource from src/main/resources to target/classes
[INFO] Copying 0 resource from src/main/resources to target/classes
[INFO] 
[INFO] --- compiler:3.14.1:compile (default-compile) @ demo ---
[INFO] Recompiling the module because of changed source code.
[INFO] Compiling 13 source files with javac [debug parameters release 21] to target/classes
[INFO] /home/yashoda-adarsh/Desktop/Mini_2/MINI_PROJECT2/freelancing-platform/backend/auth-service/src/main/java/com/freelance/auth/security/JwtAuthenticationFilter.java: /home/yashoda-adarsh/Desktop/Mini_2/MINI_PROJECT2/freelancing-platform/backend/auth-service/src/main/java/com/freelance/auth/security/JwtAuthenticationFilter.java uses or overrides a deprecated API.
[INFO] /home/yashoda-adarsh/Desktop/Mini_2/MINI_PROJECT2/freelancing-platform/backend/auth-service/src/main/java/com/freelance/auth/security/JwtAuthenticationFilter.java: Recompile with -Xlint:deprecation for details.
[INFO] 
[INFO] --- resources:3.3.1:testResources (default-testResources) @ demo ---
[INFO] skip non existing resourceDirectory /home/yashoda-adarsh/Desktop/Mini_2/MINI_PROJECT2/freelancing-platform/backend/auth-service/src/test/resources
[INFO] 
[INFO] --- compiler:3.14.1:testCompile (default-testCompile) @ demo ---
[INFO] Recompiling the module because of changed dependency.
[INFO] Compiling 1 source file with javac [debug parameters release 21] to target/test-classes
[INFO] 
[INFO] --- surefire:3.5.4:test (default-test) @ demo ---
[INFO] Tests are skipped.
[INFO] 
[INFO] --- jar:3.4.2:jar (default-jar) @ demo ---
[INFO] Building jar: /home/yashoda-adarsh/Desktop/Mini_2/MINI_PROJECT2/freelancing-platform/backend/auth-service/target/demo-0.0.1-SNAPSHOT.jar
[INFO] 
[INFO] --- spring-boot:4.0.3:repackage (repackage) @ demo ---
[INFO] Replacing main artifact /home/yashoda-adarsh/Desktop/Mini_2/MINI_PROJECT2/freelancing-platform/backend/auth-service/target/demo-0.0.1-SNAPSHOT.jar with repackaged archive, adding nested dependencies in BOOT-INF/.
[INFO] The original artifact has been renamed to /home/yashoda-adarsh/Desktop/Mini_2/MINI_PROJECT2/freelancing-platform/backend/auth-service/target/demo-0.0.1-SNAPSHOT.jar.original
[INFO] ------------------------------------------------------------------------
[INFO] BUILD SUCCESS
[INFO] ------------------------------------------------------------------------
[INFO] Total time:  16.302 s
[INFO] Finished at: 2026-02-28T11:47:36+05:30
[INFO] ------------------------------------------------------------------------
